#
# A fatal error has been detected by the Java Runtime Environment:
#
#  EXCEPTION_ACCESS_VIOLATION (0xc0000005) at pc=0x0000000058ece830, pid=2696, tid=5860
#
# JRE version: Java(TM) SE Runtime Environment (8.0_66-b17) (build 1.8.0_66-b17)
# Java VM: Java HotSpot(TM) 64-Bit Server VM (25.66-b17 mixed mode windows-amd64 compressed oops)
# Problematic frame:
# V  [jvm.dll+0xae830]
#
# Failed to write core dump. Minidumps are not enabled by default on client versions of Windows
#
# If you would like to submit a bug report, please visit:
#   http://bugreport.java.com/bugreport/crash.jsp
#

---------------  T H R E A D  ---------------

Current thread (0x0000000002092800):  GCTaskThread [stack: 0x00000000123d0000,0x00000000124d0000] [id=5860]

siginfo: ExceptionCode=0xc0000005, reading address 0x000000000061004b

Registers:
RAX=0x0000000000000000, RBX=0x00000000f5ac80f0, RCX=0x00000000f5ac80f0, RDX=0x0000000000610043
RSP=0x00000000124cf3b8, RBP=0x0000000011c79101, RSI=0x0000000055059d40, RDI=0x00000000c3220000
R8 =0x0000000055059d40, R9 =0x0000000000000031, R10=0x0000000000000008, R11=0x00000000f4b45818
R12=0x0000000011c790e6, R13=0x0000001d146d0208, R14=0x0000000000000000, R15=0x000000000208a8b0
RIP=0x0000000058ece830, EFLAGS=0x0000000000010202

Top of Stack: (sp=0x00000000124cf3b8)
0x00000000124cf3b8:   000000005921abd2 00000000f60014c8
0x00000000124cf3c8:   0000000000000003 0000000055059d40
0x00000000124cf3d8:   0000000000000008 00000000f4b3d828
0x00000000124cf3e8:   0000000000001000 0000000055059d40
0x00000000124cf3f8:   0000000058f31953 0000000000000000
0x00000000124cf408:   0000000055059d00 0000000011c790e6
0x00000000124cf418:   000000005921af40 00000000f4b3ddb8
0x00000000124cf428:   0000000011c79101 0000000055059d40
0x00000000124cf438:   00000000c3220000 00000000f4b3ddb8
0x00000000124cf448:   000000005921bae5 00000000f5fddfd8
0x00000000124cf458:   0000000011c79101 0000000055059d40
0x00000000124cf468:   0000000000000004 0000000055059d40
0x00000000124cf478:   000000005921212a 00000000c27d8b14
0x00000000124cf488:   0000000058f33747 0000000055059d40
0x00000000124cf498:   0000000058f31953 00000000c321fe19
0x00000000124cf4a8:   00000000c321fe19 00000000c321ffe8 

Instructions: (pc=0x0000000058ece830)
0x0000000058ece810:   bc a5 1d 00 48 8b 9c 24 d0 00 00 00 48 81 c4 c0
0x0000000058ece820:   00 00 00 5d c3 cc cc cc cc cc cc cc cc cc cc cc
0x0000000058ece830:   44 8b 42 08 4c 8b ca 45 85 c0 7e 0e 41 f6 c0 01
0x0000000058ece840:   75 57 41 c1 f8 03 41 8b c0 c3 79 4d 80 3d 1e 1a 


Register to memory mapping:

RAX=0x0000000000000000 is an unknown value
RBX=0x00000000f5ac80f0 is an oop

[error occurred during error reporting (printing register info), id 0xc0000005]

Stack: [0x00000000123d0000,0x00000000124d0000],  sp=0x00000000124cf3b8,  free space=1020k
Native frames: (J=compiled Java code, j=interpreted, Vv=VM code, C=native code)
V  [jvm.dll+0xae830]


---------------  P R O C E S S  ---------------

Java Threads: ( => current thread )
  0x000000005b0d6000 JavaThread "Stdin handler" [_thread_blocked, id=4452, stack(0x0000000058a90000,0x0000000058b90000)]
  0x000000005b0d1000 JavaThread "Daemon worker Thread 19" [_thread_blocked, id=3536, stack(0x0000000061470000,0x0000000061570000)]
  0x000000005b0d1800 JavaThread "Cancel handler" [_thread_blocked, id=6692, stack(0x0000000059dc0000,0x0000000059ec0000)]
  0x000000005b0d5800 JavaThread "Handler for socket connection from /127.0.0.1:49684 to /127.0.0.1:52477" [_thread_in_native, id=1924, stack(0x000000005e0f0000,0x000000005e1f0000)]
  0x000000005b0d0000 JavaThread "Daemon Thread 19" [_thread_blocked, id=4652, stack(0x0000000059930000,0x0000000059a30000)]
  0x0000000056634000 JavaThread "pool-3-thread-4" [_thread_blocked, id=6340, stack(0x00000000638d0000,0x00000000639d0000)]
  0x0000000056639800 JavaThread "pool-3-thread-3" [_thread_blocked, id=1068, stack(0x0000000062e90000,0x0000000062f90000)]
  0x000000005b0d4000 JavaThread "pool-3-thread-2" [_thread_blocked, id=6404, stack(0x0000000059b20000,0x0000000059c20000)]
  0x000000005b0d3000 JavaThread "pool-3-thread-1" [_thread_blocked, id=6824, stack(0x000000005fba0000,0x000000005fca0000)]
  0x0000000056637000 JavaThread "Java2D Disposer" daemon [_thread_blocked, id=6712, stack(0x0000000063300000,0x0000000063400000)]
  0x000000005b8d4800 JavaThread "File lock request listener" [_thread_in_native, id=7052, stack(0x000000005c660000,0x000000005c760000)]
  0x0000000057b23000 JavaThread "Incoming local TCP Connector on port 49684" [_thread_in_native, id=5904, stack(0x0000000058cf0000,0x0000000058df0000)]
  0x00000000565d3000 JavaThread "Service Thread" daemon [_thread_blocked, id=1768, stack(0x0000000056210000,0x0000000056310000)]
  0x0000000056549800 JavaThread "C1 CompilerThread2" daemon [_thread_blocked, id=164, stack(0x0000000056fd0000,0x00000000570d0000)]
  0x0000000056547800 JavaThread "C2 CompilerThread1" daemon [_thread_blocked, id=6972, stack(0x0000000056ec0000,0x0000000056fc0000)]
  0x0000000056542800 JavaThread "C2 CompilerThread0" daemon [_thread_blocked, id=6976, stack(0x0000000056d40000,0x0000000056e40000)]
  0x00000000550bf000 JavaThread "Attach Listener" daemon [_thread_blocked, id=4528, stack(0x0000000056c00000,0x0000000056d00000)]
  0x00000000550cf000 JavaThread "Signal Dispatcher" daemon [_thread_blocked, id=2468, stack(0x00000000569a0000,0x0000000056aa0000)]
  0x0000000055069000 JavaThread "Finalizer" daemon [_thread_blocked, id=6980, stack(0x0000000056440000,0x0000000056540000)]
  0x0000000055062000 JavaThread "Reference Handler" daemon [_thread_blocked, id=3728, stack(0x0000000056310000,0x0000000056410000)]
  0x000000000221f000 JavaThread "main" [_thread_blocked, id=3556, stack(0x00000000024d0000,0x00000000025d0000)]

Other Threads:
  0x000000005505c800 VMThread [stack: 0x00000000560a0000,0x00000000561a0000] [id=2768]
  0x00000000565e9000 WatcherThread [stack: 0x0000000056aa0000,0x0000000056ba0000] [id=5624]

=>0x0000000002092800 (exited) GCTaskThread [stack: 0x00000000123d0000,0x00000000124d0000] [id=5860]

VM state:at safepoint (normal execution)

VM Mutex/Monitor currently owned by a thread:  ([mutex/lock_event])
[0x000000000221d710] Threads_lock - owner thread: 0x000000005505c800
[0x000000000221dc10] Heap_lock - owner thread: 0x000000005b0d1000

Heap:
 PSYoungGen      total 169472K, used 169462K [0x00000000eab00000, 0x00000000f6b00000, 0x0000000100000000)
  eden space 155136K, 100% used [0x00000000eab00000,0x00000000f4280000,0x00000000f4280000)
  from space 14336K, 99% used [0x00000000f5600000,0x00000000f63fdbb8,0x00000000f6400000)
  to   space 19968K, 64% used [0x00000000f4280000,0x00000000f4f24c88,0x00000000f5600000)
 ParOldGen       total 154112K, used 59670K [0x00000000c0000000, 0x00000000c9680000, 0x00000000eab00000)
  object space 154112K, 38% used [0x00000000c0000000,0x00000000c3a459b8,0x00000000c9680000)
 Metaspace       used 73783K, capacity 79116K, committed 80000K, reserved 1118208K
  class space    used 9364K, capacity 10115K, committed 10368K, reserved 1048576K

Card table byte_map: [0x0000000011c60000,0x0000000011e70000] byte_map_base: 0x0000000011660000

Marking Bits: (ParMarkBitMap*) 0x000000005962a5b0
 Begin Bits: [0x00000000124d0000, 0x00000000134d0000)
 End Bits:   [0x00000000134d0000, 0x00000000144d0000)

Polling page: 0x0000000000440000

CodeCache: size=245760Kb used=66240Kb max_used=66240Kb free=179519Kb
 bounds [0x00000000028a0000, 0x00000000069c0000, 0x00000000118a0000]
 total_blobs=17518 nmethods=16648 adapters=780
 compilation: enabled

Compilation events (10 events):
Event: 4697.446 Thread 0x0000000056549800 22130       3       org.gradle.api.internal.tasks.testing.DefaultTestTaskReports_Decorated::getStore (26 bytes)
Event: 4697.446 Thread 0x0000000056549800 nmethod 22130 0x0000000003cf0e50 code [0x0000000003cf1000, 0x0000000003cf1708]
Event: 4697.447 Thread 0x0000000056549800 22131       3       org.gradle.api.tasks.testing.Test_Decorated::getOutputs (45 bytes)
Event: 4697.448 Thread 0x0000000056549800 nmethod 22131 0x00000000069bc690 code [0x00000000069bc8e0, 0x00000000069bd898]
Event: 4697.448 Thread 0x0000000056549800 22132       3       org.gradle.api.internal.tasks.DefaultTaskInputs::source (20 bytes)
Event: 4697.449 Thread 0x0000000056549800 nmethod 22132 0x0000000003e7f0d0 code [0x0000000003e7f300, 0x0000000003e80088]
Event: 4697.449 Thread 0x0000000056549800 22133       3       org.gradle.api.internal.tasks.DefaultTaskInputs$5::<init> (15 bytes)
Event: 4697.449 Thread 0x0000000056549800 nmethod 22133 0x0000000003fd0150 code [0x0000000003fd02a0, 0x0000000003fd0470]
Event: 4697.459 Thread 0x0000000056549800 22134       1       groovy.util.AntBuilder::getProject (5 bytes)
Event: 4697.459 Thread 0x0000000056549800 nmethod 22134 0x00000000036fb410 code [0x00000000036fb560, 0x00000000036fb670]

GC Heap History (10 events):
Event: 4330.237 GC heap after
Heap after GC invocations=63 (full 17):
 PSYoungGen      total 175616K, used 1168K [0x00000000eab00000, 0x00000000f6600000, 0x0000000100000000)
  eden space 160768K, 0% used [0x00000000eab00000,0x00000000eab00000,0x00000000f4800000)
  from space 14848K, 7% used [0x00000000f5780000,0x00000000f58a4010,0x00000000f6600000)
  to   space 15360K, 0% used [0x00000000f4800000,0x00000000f4800000,0x00000000f5700000)
 ParOldGen       total 154112K, used 46603K [0x00000000c0000000, 0x00000000c9680000, 0x00000000eab00000)
  object space 154112K, 30% used [0x00000000c0000000,0x00000000c2d82ec0,0x00000000c9680000)
 Metaspace       used 73342K, capacity 78330K, committed 79488K, reserved 1118208K
  class space    used 9320K, capacity 10064K, committed 10368K, reserved 1048576K
}
Event: 4330.237 GC heap before
{Heap before GC invocations=64 (full 18):
 PSYoungGen      total 175616K, used 1168K [0x00000000eab00000, 0x00000000f6600000, 0x0000000100000000)
  eden space 160768K, 0% used [0x00000000eab00000,0x00000000eab00000,0x00000000f4800000)
  from space 14848K, 7% used [0x00000000f5780000,0x00000000f58a4010,0x00000000f6600000)
  to   space 15360K, 0% used [0x00000000f4800000,0x00000000f4800000,0x00000000f5700000)
 ParOldGen       total 154112K, used 46603K [0x00000000c0000000, 0x00000000c9680000, 0x00000000eab00000)
  object space 154112K, 30% used [0x00000000c0000000,0x00000000c2d82ec0,0x00000000c9680000)
 Metaspace       used 73342K, capacity 78330K, committed 79488K, reserved 1118208K
  class space    used 9320K, capacity 10064K, committed 10368K, reserved 1048576K
Event: 4330.395 GC heap after
Heap after GC invocations=64 (full 18):
 PSYoungGen      total 175616K, used 0K [0x00000000eab00000, 0x00000000f6600000, 0x0000000100000000)
  eden space 160768K, 0% used [0x00000000eab00000,0x00000000eab00000,0x00000000f4800000)
  from space 14848K, 0% used [0x00000000f5780000,0x00000000f5780000,0x00000000f6600000)
  to   space 15360K, 0% used [0x00000000f4800000,0x00000000f4800000,0x00000000f5700000)
 ParOldGen       total 154112K, used 47128K [0x00000000c0000000, 0x00000000c9680000, 0x00000000eab00000)
  object space 154112K, 30% used [0x00000000c0000000,0x00000000c2e06140,0x00000000c9680000)
 Metaspace       used 73316K, capacity 78242K, committed 79488K, reserved 1118208K
  class space    used 9312K, capacity 10056K, committed 10368K, reserved 1048576K
}
Event: 4535.602 GC heap before
{Heap before GC invocations=65 (full 18):
 PSYoungGen      total 175616K, used 144330K [0x00000000eab00000, 0x00000000f6600000, 0x0000000100000000)
  eden space 160768K, 89% used [0x00000000eab00000,0x00000000f37f28b8,0x00000000f4800000)
  from space 14848K, 0% used [0x00000000f5780000,0x00000000f5780000,0x00000000f6600000)
  to   space 15360K, 0% used [0x00000000f4800000,0x00000000f4800000,0x00000000f5700000)
 ParOldGen       total 154112K, used 47128K [0x00000000c0000000, 0x00000000c9680000, 0x00000000eab00000)
  object space 154112K, 30% used [0x00000000c0000000,0x00000000c2e06140,0x00000000c9680000)
 Metaspace       used 73475K, capacity 78610K, committed 79744K, reserved 1118208K
  class space    used 9330K, capacity 10072K, committed 10368K, reserved 1048576K
Event: 4535.627 GC heap after
Heap after GC invocations=65 (full 18):
 PSYoungGen      total 166400K, used 5223K [0x00000000eab00000, 0x00000000f6400000, 0x0000000100000000)
  eden space 160768K, 0% used [0x00000000eab00000,0x00000000eab00000,0x00000000f4800000)
  from space 5632K, 92% used [0x00000000f4800000,0x00000000f4d19e50,0x00000000f4d80000)
  to   space 14336K, 0% used [0x00000000f5600000,0x00000000f5600000,0x00000000f6400000)
 ParOldGen       total 154112K, used 47136K [0x00000000c0000000, 0x00000000c9680000, 0x00000000eab00000)
  object space 154112K, 30% used [0x00000000c0000000,0x00000000c2e08140,0x00000000c9680000)
 Metaspace       used 73475K, capacity 78610K, committed 79744K, reserved 1118208K
  class space    used 9330K, capacity 10072K, committed 10368K, reserved 1048576K
}
Event: 4535.627 GC heap before
{Heap before GC invocations=66 (full 19):
 PSYoungGen      total 166400K, used 5223K [0x00000000eab00000, 0x00000000f6400000, 0x0000000100000000)
  eden space 160768K, 0% used [0x00000000eab00000,0x00000000eab00000,0x00000000f4800000)
  from space 5632K, 92% used [0x00000000f4800000,0x00000000f4d19e50,0x00000000f4d80000)
  to   space 14336K, 0% used [0x00000000f5600000,0x00000000f5600000,0x00000000f6400000)
 ParOldGen       total 154112K, used 47136K [0x00000000c0000000, 0x00000000c9680000, 0x00000000eab00000)
  object space 154112K, 30% used [0x00000000c0000000,0x00000000c2e08140,0x00000000c9680000)
 Metaspace       used 73475K, capacity 78610K, committed 79744K, reserved 1118208K
  class space    used 9330K, capacity 10072K, committed 10368K, reserved 1048576K
Event: 4535.909 GC heap after
Heap after GC invocations=66 (full 19):
 PSYoungGen      total 166400K, used 0K [0x00000000eab00000, 0x00000000f6400000, 0x0000000100000000)
  eden space 160768K, 0% used [0x00000000eab00000,0x00000000eab00000,0x00000000f4800000)
  from space 5632K, 0% used [0x00000000f4800000,0x00000000f4800000,0x00000000f4d80000)
  to   space 14336K, 0% used [0x00000000f5600000,0x00000000f5600000,0x00000000f6400000)
 ParOldGen       total 154112K, used 51315K [0x00000000c0000000, 0x00000000c9680000, 0x00000000eab00000)
  object space 154112K, 33% used [0x00000000c0000000,0x00000000c321cd38,0x00000000c9680000)
 Metaspace       used 73448K, capacity 78522K, committed 79744K, reserved 1118208K
  class space    used 9322K, capacity 10064K, committed 10368K, reserved 1048576K
}
Event: 4594.606 GC heap before
{Heap before GC invocations=67 (full 19):
 PSYoungGen      total 166400K, used 160768K [0x00000000eab00000, 0x00000000f6400000, 0x0000000100000000)
  eden space 160768K, 100% used [0x00000000eab00000,0x00000000f4800000,0x00000000f4800000)
  from space 5632K, 0% used [0x00000000f4800000,0x00000000f4800000,0x00000000f4d80000)
  to   space 14336K, 0% used [0x00000000f5600000,0x00000000f5600000,0x00000000f6400000)
 ParOldGen       total 154112K, used 51315K [0x00000000c0000000, 0x00000000c9680000, 0x00000000eab00000)
  object space 154112K, 33% used [0x00000000c0000000,0x00000000c321cd38,0x00000000c9680000)
 Metaspace       used 73655K, capacity 78806K, committed 79744K, reserved 1118208K
  class space    used 9348K, capacity 10098K, committed 10368K, reserved 1048576K
Event: 4594.637 GC heap after
Heap after GC invocations=67 (full 19):
 PSYoungGen      total 169472K, used 14326K [0x00000000eab00000, 0x00000000f6b00000, 0x0000000100000000)
  eden space 155136K, 0% used [0x00000000eab00000,0x00000000eab00000,0x00000000f4280000)
  from space 14336K, 99% used [0x00000000f5600000,0x00000000f63fdbb8,0x00000000f6400000)
  to   space 19968K, 0% used [0x00000000f4280000,0x00000000f4280000,0x00000000f5600000)
 ParOldGen       total 154112K, used 59662K [0x00000000c0000000, 0x00000000c9680000, 0x00000000eab00000)
  object space 154112K, 38% used [0x00000000c0000000,0x00000000c3a439b8,0x00000000c9680000)
 Metaspace       used 73655K, capacity 78806K, committed 79744K, reserved 1118208K
  class space    used 9348K, capacity 10098K, committed 10368K, reserved 1048576K
}
Event: 4697.459 GC heap before
{Heap before GC invocations=68 (full 19):
 PSYoungGen      total 169472K, used 169462K [0x00000000eab00000, 0x00000000f6b00000, 0x0000000100000000)
  eden space 155136K, 100% used [0x00000000eab00000,0x00000000f4280000,0x00000000f4280000)
  from space 14336K, 99% used [0x00000000f5600000,0x00000000f63fdbb8,0x00000000f6400000)
  to   space 19968K, 0% used [0x00000000f4280000,0x00000000f4280000,0x00000000f5600000)
 ParOldGen       total 154112K, used 59662K [0x00000000c0000000, 0x00000000c9680000, 0x00000000eab00000)
  object space 154112K, 38% used [0x00000000c0000000,0x00000000c3a439b8,0x00000000c9680000)
 Metaspace       used 73783K, capacity 79116K, committed 80000K, reserved 1118208K
  class space    used 9364K, capacity 10115K, committed 10368K, reserved 1048576K

Deoptimization events (10 events):
Event: 4535.554 Thread 0x000000005b0d5800 Uncommon trap: reason=speculate_class_check action=maybe_recompile pc=0x0000000005e1cd48 method=com.sun.tools.javac.code.Type.hasTag(Lcom/sun/tools/javac/code/TypeTag;)Z @ 2
Event: 4535.554 Thread 0x000000005b0d5800 Uncommon trap: reason=speculate_class_check action=maybe_recompile pc=0x0000000005e1cd48 method=com.sun.tools.javac.code.Type.hasTag(Lcom/sun/tools/javac/code/TypeTag;)Z @ 2
Event: 4535.554 Thread 0x000000005b0d5800 Uncommon trap: reason=unstable_if action=reinterpret pc=0x0000000004ab4278 method=com.sun.tools.javac.comp.Resolve$BasicLookupHelper.lookup(Lcom/sun/tools/javac/comp/Env;Lcom/sun/tools/javac/comp/Resolve$MethodResolutionPhase;)Lcom/sun/tools/javac/code/Symä⁄s’ç∑±@
Event: 4535.554 Thread 0x000000005b0d5800 Uncommon trap: reason=unstable_if action=reinterpret pc=0x0000000004eed8e0 method=com.sun.tools.javac.comp.Resolve$LookupHelper.shouldStop(Lcom/sun/tools/javac/code/Symbol;Lcom/sun/tools/javac/comp/Resolve$MethodResolutionPhase;)Z @ 31
Event: 4535.554 Thread 0x000000005b0d5800 Uncommon trap: reason=unstable_if action=reinterpret pc=0x00000000063ab174 method=com.sun.tools.javac.code.Type.isErroneous(Lcom/sun/tools/javac/util/List;)Z @ 19
Event: 4535.554 Thread 0x000000005b0d5800 Uncommon trap: reason=unstable_if action=reinterpret pc=0x00000000062eba1c method=com.sun.tools.javac.comp.Attr.checkIdInternal(Lcom/sun/tools/javac/tree/JCTree;Lcom/sun/tools/javac/code/Type;Lcom/sun/tools/javac/code/Symbol;Lcom/sun/tools/javac/code/Type;”L∂v§Ú±@
Event: 4594.642 Thread 0x000000005b0d5800 Uncommon trap: reason=null_check action=make_not_entrant pc=0x0000000004b70eb0 method=com.sun.tools.javac.util.UnsharedNameTable.fromUtf([BII)Lcom/sun/tools/javac/util/Name; @ 50
Event: 4594.683 Thread 0x000000005b0d5800 Uncommon trap: reason=bimorphic action=maybe_recompile pc=0x0000000004f9bf80 method=com.sun.tools.javac.code.Types$SameTypeVisitor.visitType(Lcom/sun/tools/javac/code/Type;Lcom/sun/tools/javac/code/Type;)Ljava/lang/Boolean; @ 31
Event: 4594.687 Thread 0x000000005b0d5800 Uncommon trap: reason=speculate_class_check action=maybe_recompile pc=0x0000000005ff48d4 method=com.sun.tools.javac.code.Type.hasTag(Lcom/sun/tools/javac/code/TypeTag;)Z @ 2
Event: 4598.871 Thread 0x000000005b0d5800 Uncommon trap: reason=bimorphic action=maybe_recompile pc=0x0000000004355dd4 method=java.util.HashMap.removeNode(ILjava/lang/Object;Ljava/lang/Object;ZZ)Ljava/util/HashMap$Node; @ 143

Internal exceptions (10 events):
Event: 4535.946 Thread 0x000000005b0d0000 Exception <a 'java/lang/NoSuchMethodError': <clinit>> (0x00000000ead52440) thrown at [C:\re\workspace\8-2-build-windows-amd64-cygwin\jdk8u66\4988\hotspot\src\share\vm\prims\jni.cpp, line 1591]
Event: 4535.948 Thread 0x000000005b0d0000 Exception <a 'java/lang/NoSuchMethodError': <clinit>> (0x00000000ead94b48) thrown at [C:\re\workspace\8-2-build-windows-amd64-cygwin\jdk8u66\4988\hotspot\src\share\vm\prims\jni.cpp, line 1591]
Event: 4535.948 Thread 0x000000005b0d0000 Exception <a 'java/lang/NoSuchMethodError': <clinit>> (0x00000000ead98218) thrown at [C:\re\workspace\8-2-build-windows-amd64-cygwin\jdk8u66\4988\hotspot\src\share\vm\prims\jni.cpp, line 1591]
Event: 4535.949 Thread 0x000000005b0d0000 Exception <a 'java/lang/NoSuchMethodError': <clinit>> (0x00000000eada20e0) thrown at [C:\re\workspace\8-2-build-windows-amd64-cygwin\jdk8u66\4988\hotspot\src\share\vm\prims\jni.cpp, line 1591]
Event: 4593.878 Thread 0x000000005b0d5800 Exception <a 'java/lang/ClassNotFoundException': asLocalRepo24_91o3uxuvt882rwct9cdrivzriBeanInfo> (0x00000000eb91d3f8) thrown at [C:\re\workspace\8-2-build-windows-amd64-cygwin\jdk8u66\4988\hotspot\src\share\vm\classfile\systemDictionary.cpp, line 210]
Event: 4593.878 Thread 0x000000005b0d5800 Exception <a 'java/lang/ClassNotFoundException': asLocalRepo24_91o3uxuvt882rwct9cdrivzriCustomizer> (0x00000000eb926858) thrown at [C:\re\workspace\8-2-build-windows-amd64-cygwin\jdk8u66\4988\hotspot\src\share\vm\classfile\systemDictionary.cpp, line 210]
Event: 4594.642 Thread 0x000000005b0d5800 Implicit null exception at 0x0000000004b707d1 to 0x0000000004b70e79
Event: 4598.870 Thread 0x000000005b0d5800 Exception <a 'java/io/FileNotFoundException'> (0x00000000ee927e20) thrown at [C:\re\workspace\8-2-build-windows-amd64-cygwin\jdk8u66\4988\hotspot\src\share\vm\prims\jni.cpp, line 709]
Event: 4697.084 Thread 0x000000005b0d1000 Exception <a 'java/lang/ClassNotFoundException': asLocalRepo25_eri2yxg03nz0ycwntghiukckBeanInfo> (0x00000000ef85d3d8) thrown at [C:\re\workspace\8-2-build-windows-amd64-cygwin\jdk8u66\4988\hotspot\src\share\vm\classfile\systemDictionary.cpp, line 210]
Event: 4697.084 Thread 0x000000005b0d1000 Exception <a 'java/lang/ClassNotFoundException': asLocalRepo25_eri2yxg03nz0ycwntghiukckCustomizer> (0x00000000ef8667f0) thrown at [C:\re\workspace\8-2-build-windows-amd64-cygwin\jdk8u66\4988\hotspot\src\share\vm\classfile\systemDictionary.cpp, line 210]

Events (10 events):
Event: 4697.394 Thread 0x0000000056549800 flushing nmethod 0x0000000003cf0d50
Event: 4697.395 Thread 0x0000000056549800 flushing nmethod 0x0000000003e7f0d0
Event: 4697.395 Thread 0x0000000056549800 flushing nmethod 0x0000000003edcd50
Event: 4697.396 Thread 0x0000000056549800 flushing nmethod 0x0000000003fcf790
Event: 4697.396 Thread 0x0000000056549800 flushing nmethod 0x0000000003fd0090
Event: 4697.397 Thread 0x0000000056549800 flushing nmethod 0x000000000417af10
Event: 4697.397 Thread 0x0000000056549800 flushing nmethod 0x00000000041908d0
Event: 4697.411 Thread 0x0000000056549800 flushing nmethod 0x0000000004a56fd0
Event: 4697.424 Thread 0x0000000056549800 flushing nmethod 0x0000000006280990
Event: 4697.459 Executing VM operation: ParallelGCFailedAllocation


Dynamic libraries:
0x000000013f600000 - 0x000000013f637000 	C:\Program Files\Java\jdk1.8.0_66\bin\java.exe
0x0000000077040000 - 0x00000000771e9000 	C:\Windows\SYSTEM32\ntdll.dll
0x0000000076e20000 - 0x0000000076f40000 	C:\Windows\system32\kernel32.dll
0x000007fefd130000 - 0x000007fefd19c000 	C:\Windows\system32\KERNELBASE.dll
0x000007fefd4d0000 - 0x000007fefd5ab000 	C:\Windows\system32\ADVAPI32.dll
0x000007fefd390000 - 0x000007fefd42f000 	C:\Windows\system32\msvcrt.dll
0x000007fefeae0000 - 0x000007fefeaff000 	C:\Windows\SYSTEM32\sechost.dll
0x000007feff040000 - 0x000007feff16d000 	C:\Windows\system32\RPCRT4.dll
0x0000000076f40000 - 0x000000007703a000 	C:\Windows\system32\USER32.dll
0x000007fefe970000 - 0x000007fefe9d7000 	C:\Windows\system32\GDI32.dll
0x000007fefd5c0000 - 0x000007fefd5ce000 	C:\Windows\system32\LPK.dll
0x000007fefe8a0000 - 0x000007fefe969000 	C:\Windows\system32\USP10.dll
0x000007fefb5c0000 - 0x000007fefb7b4000 	C:\Windows\WinSxS\amd64_microsoft.windows.common-controls_6595b64144ccf1df_6.0.7601.18837_none_fa3b1e3d17594757\COMCTL32.dll
0x000007fefe5c0000 - 0x000007fefe631000 	C:\Windows\system32\SHLWAPI.dll
0x000007fefe590000 - 0x000007fefe5be000 	C:\Windows\system32\IMM32.DLL
0x000007feff240000 - 0x000007feff349000 	C:\Windows\system32\MSCTF.dll
0x000000005e6e0000 - 0x000000005e7b2000 	C:\Program Files\Java\jdk1.8.0_66\jre\bin\msvcr100.dll
0x0000000058e20000 - 0x00000000596a9000 	C:\Program Files\Java\jdk1.8.0_66\jre\bin\server\jvm.dll
0x000007feee440000 - 0x000007feee449000 	C:\Windows\system32\WSOCK32.dll
0x000007feff1f0000 - 0x000007feff23d000 	C:\Windows\system32\WS2_32.dll
0x000007fefd5b0000 - 0x000007fefd5b8000 	C:\Windows\system32\NSI.dll
0x000007fefaac0000 - 0x000007fefaafb000 	C:\Windows\system32\WINMM.dll
0x000007fefbee0000 - 0x000007fefbeec000 	C:\Windows\system32\VERSION.dll
0x0000000077210000 - 0x0000000077217000 	C:\Windows\system32\PSAPI.DLL
0x00000000686e0000 - 0x00000000686ef000 	C:\Program Files\Java\jdk1.8.0_66\jre\bin\verify.dll
0x0000000066160000 - 0x0000000066189000 	C:\Program Files\Java\jdk1.8.0_66\jre\bin\java.dll
0x0000000068250000 - 0x0000000068266000 	C:\Program Files\Java\jdk1.8.0_66\jre\bin\zip.dll
0x000007fefd5d0000 - 0x000007fefe359000 	C:\Windows\system32\SHELL32.dll
0x000007fefeb00000 - 0x000007fefed03000 	C:\Windows\system32\ole32.dll
0x000007fefcdf0000 - 0x000007fefcdff000 	C:\Windows\system32\profapi.dll
0x0000000066520000 - 0x000000006653a000 	C:\Program Files\Java\jdk1.8.0_66\jre\bin\net.dll
0x000007fefc4e0000 - 0x000007fefc535000 	C:\Windows\system32\mswsock.dll
0x000007fefc7f0000 - 0x000007fefc7f7000 	C:\Windows\System32\wship6.dll
0x0000000066500000 - 0x0000000066511000 	C:\Program Files\Java\jdk1.8.0_66\jre\bin\nio.dll
0x000007fef81c0000 - 0x000007fef81d2000 	C:\Users\stud27\.gradle\native\19\windows-amd64\native-platform.dll
0x000007fefa840000 - 0x000007fefa867000 	C:\Windows\system32\IPHLPAPI.DLL
0x000007fefa800000 - 0x000007fefa80b000 	C:\Windows\system32\WINNSI.DLL
0x000007fefa650000 - 0x000007fefa661000 	C:\Windows\system32\dhcpcsvc6.DLL
0x000007fefa4e0000 - 0x000007fefa4f8000 	C:\Windows\system32\dhcpcsvc.DLL
0x000007fefc700000 - 0x000007fefc718000 	C:\Windows\system32\CRYPTSP.dll
0x000007fefc2c0000 - 0x000007fefc307000 	C:\Windows\system32\rsaenh.dll
0x000007fefced0000 - 0x000007fefceee000 	C:\Windows\system32\USERENV.dll
0x000007fefcc50000 - 0x000007fefcc5f000 	C:\Windows\system32\CRYPTBASE.dll
0x000007fefcbf0000 - 0x000007fefcc47000 	C:\Windows\system32\apphelp.dll
0x00000000004c0000 - 0x00000000004e4000 	C:\Program Files\Java\jdk1.8.0_66\jre\bin\sunec.dll
0x000007fefc640000 - 0x000007fefc647000 	C:\Windows\System32\wshtcpip.dll
0x000007fefc370000 - 0x000007fefc3cb000 	C:\Windows\system32\DNSAPI.dll
0x0000000063560000 - 0x0000000063569000 	C:\Program Files\National Instruments\Shared\mDNS Responder\nimdnsNSP.dll
0x0000000063550000 - 0x000000006355e000 	C:\Windows\system32\nimdnsResponder.dll
0x0000000073530000 - 0x00000000735cd000 	C:\Windows\WinSxS\amd64_microsoft.vc90.crt_1fc8b3b9a1e18e3b_9.0.30729.5054_none_08e4d1f3a83cf865\MSVCR90.dll
0x000007fef9610000 - 0x000007fef9618000 	C:\Windows\system32\rasadhlp.dll
0x000007fefa730000 - 0x000007fefa783000 	C:\Windows\System32\fwpuclnt.dll
0x000007fefb140000 - 0x000007fefb155000 	C:\Windows\system32\NLAapi.dll
0x000007fef1dc0000 - 0x000007fef1dd5000 	C:\Windows\system32\napinsp.dll
0x000007fef1300000 - 0x000007fef1319000 	C:\Windows\system32\pnrpnsp.dll
0x000007fef12d0000 - 0x000007fef12db000 	C:\Windows\System32\winrnr.dll
0x0000000000510000 - 0x000000000051d000 	C:\Program Files\Java\jdk1.8.0_66\jre\bin\management.dll
0x0000000062cd0000 - 0x0000000062e68000 	C:\Program Files\Java\jdk1.8.0_66\jre\bin\awt.dll
0x000007fefe9e0000 - 0x000007fefeab7000 	C:\Windows\system32\OLEAUT32.dll
0x000007fefab50000 - 0x000007fefab68000 	C:\Windows\system32\DWMAPI.DLL
0x00000000661a0000 - 0x00000000661ca000 	C:\Program Files\Java\jdk1.8.0_66\jre\bin\dcpr.dll
0x000007fef13a0000 - 0x000007fef14c5000 	C:\Windows\system32\dbghelp.dll

VM Arguments:
jvm_args: -XX:MaxPermSize=256m -XX:+HeapDumpOnOutOfMemoryError -Xmx1024m -Dfile.encoding=windows-1255 -Duser.country=US -Duser.language=en -Duser.variant 
java_command: org.gradle.launcher.daemon.bootstrap.GradleDaemon 2.10
java_class_path (initial): C:\Program Files\Android\Android Studio\gradle\gradle-2.10\lib\gradle-launcher-2.10.jar
Launcher Type: SUN_STANDARD

Environment Variables:
PATH=C:\ProgramData\Oracle\Java\javapath;C:\Program Files (x86)\Intel\iCLS Client\;C:\Program Files\Intel\iCLS Client\;C:\Windows\system32;C:\Windows;C:\Windows\System32\Wbem;C:\Windows\System32\WindowsPowerShell\v1.0\;C:\Program Files\Intel\Intel(R) Management Engine Components\DAL;C:\Program Files\Intel\Intel(R) Management Engine Components\IPT;C:\Program Files (x86)\Intel\Intel(R) Management Engine Components\DAL;C:\Program Files (x86)\Intel\Intel(R) Management Engine Components\IPT;C:\Program Files (x86)\SAP\SAP Business One\;c:\Program Files (x86)\Microsoft SQL Server\90\Tools\binn\;c:\Program Files (x86)\Microsoft SQL Server\100\Tools\Binn\;c:\Program Files\Microsoft SQL Server\100\Tools\Binn\;c:\Program Files\Microsoft SQL Server\100\DTS\Binn\;c:\Program Files (x86)\Microsoft SQL Server\100\Tools\Binn\VSShell\Common7\IDE\;c:\Program Files (x86)\Microsoft SQL Server\100\DTS\Binn\;C:\Program Files (x86)\MySQL\MySQL Fabric 1.5 & MySQL Utilities 1.5\;C:\Program Files (x86)\MySQL\MySQL Fabric 1.5 & MySQL Utilities 1.5\Doctrine extensions for PHP\
USERNAME=stud27
OS=Windows_NT
PROCESSOR_IDENTIFIER=Intel64 Family 6 Model 60 Stepping 3, GenuineIntel



---------------  S Y S T E M  ---------------

OS: Windows 7 , 64 bit Build 7601 (6.1.7601.19018)

CPU:total 4 (2 cores per cpu, 2 threads per core) family 6 model 60 stepping 3, cmov, cx8, fxsr, mmx, sse, sse2, sse3, ssse3, sse4.1, sse4.2, popcnt, avx, avx2, aes, clmul, erms, lzcnt, ht, tsc, tscinvbit, bmi1, bmi2

Memory: 4k page, physical 16693800k(8990732k free), swap 33385764k(24809624k free)

vm_info: Java HotSpot(TM) 64-Bit Server VM (25.66-b17) for windows-amd64 JRE (1.8.0_66-b17), built on Oct  6 2015 18:55:33 by "java_re" with MS VC++ 10.0 (VS2010)

time: Thu Aug 18 10:03:55 2016
elapsed time: 4699 seconds (0d 1h 18m 19s)

